\BOOKMARK [0][-]{section*.1}{Résumé}{}% 1
\BOOKMARK [0][-]{section*.2}{Remerciements}{}% 2
\BOOKMARK [0][-]{chapter.13}{Introduction}{}% 3
\BOOKMARK [0][-]{chapter.14}{Structure\040d'accueil}{}% 4
\BOOKMARK [1][-]{section.15}{Présentation}{chapter.14}% 5
\BOOKMARK [1][-]{section.16}{Les Références de la Structure}{chapter.14}% 6
\BOOKMARK [1][-]{section.17}{Déroulement du stage}{chapter.14}% 7
\BOOKMARK [0][-]{chapter.18}{Cadre\040contextuel}{}% 8
\BOOKMARK [1][-]{section.19}{Problématique}{chapter.18}% 9
\BOOKMARK [1][-]{section.20}{Environnement économique global}{chapter.18}% 10
\BOOKMARK [1][-]{section.21}{Environnement économique local}{chapter.18}% 11
\BOOKMARK [0][-]{chapter.22}{Plate-forme\040d'e-commerce}{}% 12
\BOOKMARK [1][-]{section.23}{Concepts clés}{chapter.22}% 13
\BOOKMARK [2][-]{subsection.24}{Le commerce électronique ou e-commerce}{section.23}% 14
\BOOKMARK [2][-]{subsection.25}{Le Marché virtuel}{section.23}% 15
\BOOKMARK [2][-]{subsection.26}{E-Vendeur}{section.23}% 16
\BOOKMARK [2][-]{subsection.27}{E-Acheteur}{section.23}% 17
\BOOKMARK [2][-]{subsection.28}{E-Boutique}{section.23}% 18
\BOOKMARK [1][-]{section.29}{Approche et démarche d'analyse}{chapter.22}% 19
\BOOKMARK [2][-]{subsection.30}{Méthode Agile Scrum}{section.29}% 20
\BOOKMARK [3][-]{section*.31}{Backlog}{subsection.30}% 21
\BOOKMARK [3][-]{section*.32}{Items}{subsection.30}% 22
\BOOKMARK [3][-]{section*.33}{Sprint}{subsection.30}% 23
\BOOKMARK [3][-]{section*.34}{La Mêlée}{subsection.30}% 24
\BOOKMARK [1][-]{section.35}{Analyse\040et\040Conception}{chapter.22}% 25
\BOOKMARK [2][-]{subsection.36}{Étude des Processus Métier}{section.35}% 26
\BOOKMARK [2][-]{subsection.41}{Diagramme d'Activité et Objet de Flux}{section.35}% 27
\BOOKMARK [2][-]{subsection.42}{Cas d'Utilisation Métier}{section.35}% 28
\BOOKMARK [2][-]{subsection.43}{Diagramme de Séquence}{section.35}% 29
\BOOKMARK [2][-]{subsection.45}{Diagramme de Déploiement}{section.35}% 30
\BOOKMARK [0][-]{appendix*.46}{Bibliographie}{}% 31
