This is XeTeX, Version 3.14159265-2.6-0.99998 (TeX Live 2017) (preloaded format=xelatex 2018.6.13)  28 JUN 2018 03:37
entering extended mode
 restricted \write18 enabled.
 %&-line parsing enabled.
**soutenance.tex
(./soutenance.tex
LaTeX2e <2017-04-15>
Babel <3.10> and hyphenation patterns for 84 language(s) loaded.
(/usr/local/texlive/2017/texmf-dist/tex/latex/koma-script/scrreprt.cls
Document Class: scrreprt 2017/04/13 v3.23 KOMA-Script document class (report)
(/usr/local/texlive/2017/texmf-dist/tex/latex/koma-script/scrkbase.sty
Package: scrkbase 2017/04/13 v3.23 KOMA-Script package (KOMA-Script-dependent b
asics and keyval usage)

(/usr/local/texlive/2017/texmf-dist/tex/latex/koma-script/scrbase.sty
Package: scrbase 2017/04/13 v3.23 KOMA-Script package (KOMA-Script-independent 
basics and keyval usage)

(/usr/local/texlive/2017/texmf-dist/tex/latex/graphics/keyval.sty
Package: keyval 2014/10/28 v1.15 key=value parser (DPC)
\KV@toks@=\toks14
)
(/usr/local/texlive/2017/texmf-dist/tex/latex/koma-script/scrlfile.sty
Package: scrlfile 2017/04/13 v3.23 KOMA-Script package (loading files)

Package scrlfile, 2017/04/13 v3.23 KOMA-Script package (loading files)
                  Copyright (C) Markus Kohm

))) (/usr/local/texlive/2017/texmf-dist/tex/latex/koma-script/tocbasic.sty
Package: tocbasic 2017/04/13 v3.23 KOMA-Script package (handling toc-files)
\scr@dte@tocline@numberwidth=\skip41
\scr@dte@tocline@numbox=\box26
)
Package tocbasic Info: omitting babel extension for `toc'
(tocbasic)             because of feature `nobabel' available
(tocbasic)             for `toc' on input line 133.
Package tocbasic Info: omitting babel extension for `lof'
(tocbasic)             because of feature `nobabel' available
(tocbasic)             for `lof' on input line 135.
Package tocbasic Info: omitting babel extension for `lot'
(tocbasic)             because of feature `nobabel' available
(tocbasic)             for `lot' on input line 136.
Package tocbasic Info: defining new hook before heading of `' on input line 161
2.
Class scrreprt Info: File `scrsize11pt.clo' used instead of
(scrreprt)           file `scrsize11.clo' to setup font sizes on input line 227
2.

(/usr/local/texlive/2017/texmf-dist/tex/latex/koma-script/scrsize11pt.clo
File: scrsize11pt.clo 2017/04/13 v3.23 KOMA-Script font size class option (11pt
)
)
(/usr/local/texlive/2017/texmf-dist/tex/latex/koma-script/typearea.sty
Package: typearea 2017/04/13 v3.23 KOMA-Script package (type area)
\ta@bcor=\skip42
\ta@div=\count79
\ta@hblk=\skip43
\ta@vblk=\skip44
\ta@temp=\skip45
\footheight=\skip46
Package typearea Info: These are the values describing the layout:
(typearea)             DIV  = 10
(typearea)             BCOR = 0.0pt
(typearea)             \paperwidth      = 597.50793pt
(typearea)              \textwidth      = 418.25555pt
(typearea)              DIV departure   = -6%
(typearea)              \evensidemargin = 17.3562pt
(typearea)              \oddsidemargin  = 17.3562pt
(typearea)             \paperheight     = 845.04694pt
(typearea)              \textheight     = 595.80026pt
(typearea)              \topmargin      = -25.16531pt
(typearea)              \headheight     = 17.0pt
(typearea)              \headsep        = 20.40001pt
(typearea)              \topskip        = 11.0pt
(typearea)              \footskip       = 47.6pt
(typearea)              \baselineskip   = 13.6pt
(typearea)              on input line 1647.
)
\c@part=\count80
\c@chapter=\count81
\c@section=\count82
\c@subsection=\count83
\c@subsubsection=\count84
\c@paragraph=\count85
\c@subparagraph=\count86
\scr@dte@part@maxnumwidth=\skip47
\scr@dte@chapter@maxnumwidth=\skip48
\scr@dte@section@maxnumwidth=\skip49
\scr@dte@subsection@maxnumwidth=\skip50
\scr@dte@subsubsection@maxnumwidth=\skip51
\scr@dte@paragraph@maxnumwidth=\skip52
\scr@dte@subparagraph@maxnumwidth=\skip53
LaTeX Info: Redefining \textsubscript on input line 4841.
\abovecaptionskip=\skip54
\belowcaptionskip=\skip55
\c@pti@nb@sid@b@x=\box27
\c@figure=\count87
\c@table=\count88
Class scrreprt Info: Redefining `\numberline' on input line 5988.
\bibindent=\dimen102
)
(./configuration.tex
(/usr/local/texlive/2017/texmf-dist/tex/generic/babel/babel.sty
Package: babel 2017/05/19 3.10 The Babel package

(/usr/local/texlive/2017/texmf-dist/tex/generic/babel-french/frenchb.ldf
Language: frenchb 2017/04/30 v3.3a French support from the babel system

(/usr/local/texlive/2017/texmf-dist/tex/generic/babel/babel.def
File: babel.def 2017/05/19 3.10 Babel common definitions
\babel@savecnt=\count89
\U@D=\dimen103

(/usr/local/texlive/2017/texmf-dist/tex/generic/babel/xebabel.def))
\l@acadian = a dialect from \language\l@french 
\l@canadien = a dialect from \language\l@french 
\FB@nonchar=\count90
\FBcolonsp=\toks15
\FBthinsp=\toks16
Package frenchb.ldf Info: No need for active punctuation characters
(frenchb.ldf)             with this version of XeTeX!
(frenchb.ldf)             reported on input line 274.
\FB@punctthick=\XeTeXcharclass1
\FB@punctthin=\XeTeXcharclass2
\FB@punctnul=\XeTeXcharclass3
\FB@guilo=\XeTeXcharclass4
\FB@guilf=\XeTeXcharclass5
\FB@guilnul=\XeTeXcharclass6
\FBguillsp=\toks17
\FBguill@level=\count91
\FB@everypar=\toks18
\FB@Mht=\dimen104
LaTeX Info: Redefining \degres on input line 721.
\mc@charclass=\count92
\mc@charfam=\count93
\mc@charslot=\count94
\std@mcc=\count95
\dec@mcc=\count96
\listindentFB=\skip56
\descindentFB=\skip57
\labelwidthFB=\skip58
\leftmarginFB=\skip59
\parindentFFN=\dimen105
\FBfnindent=\skip60
))
(/usr/local/texlive/2017/texmf-dist/tex/latex/carlisle/scalefnt.sty)
(/usr/local/texlive/2017/texmf-dist/tex/latex/base/fontenc.sty
Package: fontenc 2017/04/05 v2.0i Standard LaTeX package

(/usr/local/texlive/2017/texmf-dist/tex/latex/base/t1enc.def
File: t1enc.def 2017/04/05 v2.0i Standard LaTeX file
LaTeX Font Info:    Redeclaring font encoding T1 on input line 48.
)
LaTeX Font Info:    Try loading font information for T1+lmr on input line 105.

(/usr/local/texlive/2017/texmf-dist/tex/latex/lm/t1lmr.fd
File: t1lmr.fd 2009/10/30 v1.6 Font defs for Latin Modern
))
(/usr/local/texlive/2017/texmf-dist/tex/latex/base/inputenc.sty
Package: inputenc 2015/03/17 v1.2c Input encoding file
\inpenc@prehook=\toks19
\inpenc@posthook=\toks20


Package inputenc Warning: inputenc package ignored with utf8 based engines.

) (/usr/local/texlive/2017/texmf-dist/tex/latex/fontspec/fontspec.sty
(/usr/local/texlive/2017/texmf-dist/tex/latex/l3kernel/expl3.sty
Package: expl3 2017/05/13 L3 programming layer (loader) 

(/usr/local/texlive/2017/texmf-dist/tex/latex/l3kernel/expl3-code.tex
Package: expl3 2017/05/13 L3 programming layer (code)
\c_max_int=\count97
\l_tmpa_int=\count98
\l_tmpb_int=\count99
\g_tmpa_int=\count100
\g_tmpb_int=\count101
\g__prg_map_int=\count102
\c_log_iow=\count103
\l_iow_line_count_int=\count104
\l__iow_line_target_int=\count105
\l__iow_one_indent_int=\count106
\l__iow_indent_int=\count107
\c_zero_dim=\dimen106
\c_max_dim=\dimen107
\l_tmpa_dim=\dimen108
\l_tmpb_dim=\dimen109
\g_tmpa_dim=\dimen110
\g_tmpb_dim=\dimen111
\c_zero_skip=\skip61
\c_max_skip=\skip62
\l_tmpa_skip=\skip63
\l_tmpb_skip=\skip64
\g_tmpa_skip=\skip65
\g_tmpb_skip=\skip66
\c_zero_muskip=\muskip10
\c_max_muskip=\muskip11
\l_tmpa_muskip=\muskip12
\l_tmpb_muskip=\muskip13
\g_tmpa_muskip=\muskip14
\g_tmpb_muskip=\muskip15
\l_keys_choice_int=\count108
\c__fp_leading_shift_int=\count109
\c__fp_middle_shift_int=\count110
\c__fp_trailing_shift_int=\count111
\c__fp_big_leading_shift_int=\count112
\c__fp_big_middle_shift_int=\count113
\c__fp_big_trailing_shift_int=\count114
\c__fp_Bigg_leading_shift_int=\count115
\c__fp_Bigg_middle_shift_int=\count116
\c__fp_Bigg_trailing_shift_int=\count117
\l__sort_length_int=\count118
\l__sort_min_int=\count119
\l__sort_top_int=\count120
\l__sort_max_int=\count121
\l__sort_true_max_int=\count122
\l__sort_block_int=\count123
\l__sort_begin_int=\count124
\l__sort_end_int=\count125
\l__sort_A_int=\count126
\l__sort_B_int=\count127
\l__sort_C_int=\count128
\c_empty_box=\box28
\l_tmpa_box=\box29
\l_tmpb_box=\box30
\g_tmpa_box=\box31
\g_tmpb_box=\box32
\l__box_top_dim=\dimen112
\l__box_bottom_dim=\dimen113
\l__box_left_dim=\dimen114
\l__box_right_dim=\dimen115
\l__box_top_new_dim=\dimen116
\l__box_bottom_new_dim=\dimen117
\l__box_left_new_dim=\dimen118
\l__box_right_new_dim=\dimen119
\l__box_internal_box=\box33
\l__coffin_internal_box=\box34
\l__coffin_internal_dim=\dimen120
\l__coffin_offset_x_dim=\dimen121
\l__coffin_offset_y_dim=\dimen122
\l__coffin_x_dim=\dimen123
\l__coffin_y_dim=\dimen124
\l__coffin_x_prime_dim=\dimen125
\l__coffin_y_prime_dim=\dimen126
\c_empty_coffin=\box35
\l__coffin_aligned_coffin=\box36
\l__coffin_aligned_internal_coffin=\box37
\l_tmpa_coffin=\box38
\l_tmpb_coffin=\box39
\l__coffin_display_coffin=\box40
\l__coffin_display_coord_coffin=\box41
\l__coffin_display_pole_coffin=\box42
\l__coffin_display_offset_dim=\dimen127
\l__coffin_display_x_dim=\dimen128
\l__coffin_display_y_dim=\dimen129
\l__coffin_bounding_shift_dim=\dimen130
\l__coffin_left_corner_dim=\dimen131
\l__coffin_right_corner_dim=\dimen132
\l__coffin_bottom_corner_dim=\dimen133
\l__coffin_top_corner_dim=\dimen134
\l__coffin_scaled_total_height_dim=\dimen135
\l__coffin_scaled_width_dim=\dimen136
)
(/usr/local/texlive/2017/texmf-dist/tex/latex/l3kernel/l3xdvipdfmx.def
File: l3xdvidpfmx.def 2017/03/18 v L3 Experimental driver: xdvipdfmx
\l__driver_tmp_box=\box43
))
(/usr/local/texlive/2017/texmf-dist/tex/latex/l3packages/xparse/xparse.sty
Package: xparse 2017/05/13 L3 Experimental document command parser
\l__xparse_current_arg_int=\count129
\g__xparse_grabber_int=\count130
\l__xparse_m_args_int=\count131
\l__xparse_mandatory_args_int=\count132
\l__xparse_v_nesting_int=\count133
)
Package: fontspec 2017/03/31 v2.6a Font selection for XeLaTeX and LuaLaTeX

(/usr/local/texlive/2017/texmf-dist/tex/latex/fontspec/fontspec-xetex.sty
Package: fontspec-xetex 2017/03/31 v2.6a Font selection for XeLaTeX and LuaLaTe
X
\l__fontspec_script_int=\count134
\l__fontspec_language_int=\count135
\l__fontspec_strnum_int=\count136
\l__fontspec_tmp_int=\count137
\l__fontspec_em_int=\count138
\l__fontspec_emdef_int=\count139
\l__fontspec_strong_int=\count140
\l__fontspec_strongdef_int=\count141
\l__fontspec_tmpa_dim=\dimen137
\l__fontspec_tmpb_dim=\dimen138
\l__fontspec_tmpc_dim=\dimen139
\g__file_internal_ior=\read1

(/usr/local/texlive/2017/texmf-dist/tex/latex/base/fontenc.sty
Package: fontenc 2017/04/05 v2.0i Standard LaTeX package

(/usr/local/texlive/2017/texmf-dist/tex/latex/base/tuenc.def
File: tuenc.def 2017/04/05 v2.0i Standard LaTeX file
LaTeX Font Info:    Redeclaring font encoding TU on input line 82.
))
.................................................
. LaTeX info: "xparse/define-command"
. 
. Defining command \fontspec with sig. 'O{}mO{}' on line 472.
.................................................
.................................................
. LaTeX info: "xparse/define-command"
. 
. Defining command \setmainfont with sig. 'O{}mO{}' on line 483.
.................................................
.................................................
. LaTeX info: "xparse/define-command"
. 
. Defining command \setsansfont with sig. 'O{}mO{}' on line 503.
.................................................
.................................................
. LaTeX info: "xparse/define-command"
. 
. Defining command \setmonofont with sig. 'O{}mO{}' on line 523.
.................................................
.................................................
. LaTeX info: "xparse/define-command"
. 
. Defining command \setromanfont with sig. 'O{}mO{}' on line 543.
.................................................
.................................................
. LaTeX info: "xparse/define-command"
. 
. Defining command \setmathrm with sig. 'O{}mO{}' on line 547.
.................................................
.................................................
. LaTeX info: "xparse/define-command"
. 
. Defining command \setboldmathrm with sig. 'O{}mO{}' on line 555.
.................................................
.................................................
. LaTeX info: "xparse/define-command"
. 
. Defining command \setmathsf with sig. 'O{}mO{}' on line 563.
.................................................
.................................................
. LaTeX info: "xparse/define-command"
. 
. Defining command \setmathtt with sig. 'O{}mO{}' on line 571.
.................................................
.................................................
. LaTeX info: "xparse/define-command"
. 
. Defining command \newfontfamily with sig. 'mO{}mO{}' on line 586.
.................................................
.................................................
. LaTeX info: "xparse/define-command"
. 
. Defining command \newfontface with sig. 'mO{}mO{}' on line 603.
.................................................
.................................................
. LaTeX info: "xparse/define-command"
. 
. Defining command \defaultfontfeatures with sig. 't+om' on line 614.
.................................................
.................................................
. LaTeX info: "xparse/define-command"
. 
. Defining command \addfontfeatures with sig. 'm' on line 645.
.................................................
.................................................
. LaTeX info: "xparse/define-command"
. 
. Defining command \newfontfeature with sig. 'mm' on line 672.
.................................................
.................................................
. LaTeX info: "xparse/define-command"
. 
. Defining command \newAATfeature with sig. 'mmmm' on line 686.
.................................................
.................................................
. LaTeX info: "xparse/define-command"
. 
. Defining command \newopentypefeature with sig. 'mmm' on line 700.
.................................................
.................................................
. LaTeX info: "xparse/define-command"
. 
. Defining command \newICUfeature with sig. 'mmm' on line 720.
.................................................
.................................................
. LaTeX info: "xparse/define-command"
. 
. Defining command \aliasfontfeature with sig. 'mm' on line 724.
.................................................
.................................................
. LaTeX info: "xparse/define-command"
. 
. Defining command \aliasfontfeatureoption with sig. 'mmm' on line 745.
.................................................
.................................................
. LaTeX info: "xparse/define-command"
. 
. Defining command \newfontscript with sig. 'mm' on line 778.
.................................................
.................................................
. LaTeX info: "xparse/define-command"
. 
. Defining command \newfontlanguage with sig. 'mm' on line 782.
.................................................
.................................................
. LaTeX info: "xparse/define-command"
. 
. Defining command \DeclareFontsExtensions with sig. 'm' on line 786.
.................................................
.................................................
. LaTeX info: "xparse/define-command"
. 
. Defining command \IfFontFeatureActiveTF with sig. 'mmm' on line 797.
.................................................
.................................................
. LaTeX info: "xparse/define-command"
. 
. Defining command \EncodingCommand with sig. 'mO{}m' on line 3438.
.................................................
.................................................
. LaTeX info: "xparse/define-command"
. 
. Defining command \EncodingAccent with sig. 'mm' on line 3444.
.................................................
.................................................
. LaTeX info: "xparse/define-command"
. 
. Defining command \EncodingSymbol with sig. 'mm' on line 3450.
.................................................
.................................................
. LaTeX info: "xparse/define-command"
. 
. Defining command \EncodingComposite with sig. 'mmm' on line 3456.
.................................................
.................................................
. LaTeX info: "xparse/define-command"
. 
. Defining command \EncodingCompositeCommand with sig. 'mmm' on line 3462.
.................................................
.................................................
. LaTeX info: "xparse/define-command"
. 
. Defining command \DeclareUnicodeEncoding with sig. 'mm' on line 3487.
.................................................
.................................................
. LaTeX info: "xparse/define-command"
. 
. Defining command \UndeclareSymbol with sig. 'm' on line 3493.
.................................................
.................................................
. LaTeX info: "xparse/define-command"
. 
. Defining command \UndeclareComposite with sig. 'mm' on line 3501.
.................................................

(/usr/local/texlive/2017/texmf-dist/tex/latex/fontspec/fontspec.cfg)
LaTeX Info: Redefining \itshape on input line 3686.
LaTeX Info: Redefining \slshape on input line 3691.
LaTeX Info: Redefining \scshape on input line 3696.
LaTeX Info: Redefining \upshape on input line 3701.
LaTeX Info: Redefining \em on input line 3731.
LaTeX Info: Redefining \emph on input line 3756.
LaTeX Info: Redefining \- on input line 3807.
.................................................
. LaTeX info: "xparse/redefine-command"
. 
. Redefining command \oldstylenums with sig. 'm' on line 3902.
.................................................
.................................................
. LaTeX info: "xparse/define-command"
. 
. Defining command \liningnums with sig. 'm' on line 3906.
.................................................
))
(/usr/local/texlive/2017/texmf-dist/tex/latex/lipsum/lipsum.sty
Package: lipsum 2014/07/27 v1.3 150 paragraphs of Lorem Ipsum dummy text
\c@lips@count=\count142
)
(/usr/local/texlive/2017/texmf-dist/tex/latex/blindtext/blindtext.sty
Package: blindtext 2012/01/06 V2.0 blindtext-Package

(/usr/local/texlive/2017/texmf-dist/tex/latex/tools/xspace.sty
Package: xspace 2014/10/28 v1.13 Space after command names (DPC,MH)
)
\c@blindtext=\count143
\c@Blindtext=\count144
\c@blind@countparstart=\count145
\blind@countxx=\count146
\blindtext@numBlindtext=\count147
\blind@countyy=\count148
\c@blindlist=\count149
\c@blindlistlevel=\count150
\c@blindlist@level=\count151
\blind@listitem=\count152
\c@blind@listcount=\count153
\c@blind@levelcount=\count154
\blind@mathformula=\count155
\blind@Mathformula=\count156
\c@blind@randomcount=\count157
\c@blind@randommax=\count158
\c@blind@pangramcount=\count159
\c@blind@pangrammax=\count160
)
(/usr/local/texlive/2017/texmf-dist/tex/latex/setspace/setspace.sty
Package: setspace 2011/12/19 v6.7a set line spacing
)
(/usr/local/texlive/2017/texmf-dist/tex/latex/graphics/graphicx.sty
Package: graphicx 2014/10/28 v1.0g Enhanced LaTeX Graphics (DPC,SPQR)

(/usr/local/texlive/2017/texmf-dist/tex/latex/graphics/graphics.sty
Package: graphics 2017/04/14 v1.1b Standard LaTeX Graphics (DPC,SPQR)

(/usr/local/texlive/2017/texmf-dist/tex/latex/graphics/trig.sty
Package: trig 2016/01/03 v1.10 sin cos tan (DPC)
)
(/usr/local/texlive/2017/texmf-dist/tex/latex/graphics-cfg/graphics.cfg
File: graphics.cfg 2016/06/04 v1.11 sample graphics configuration
)
Package graphics Info: Driver file: xetex.def on input line 99.

(/usr/local/texlive/2017/texmf-dist/tex/latex/graphics-def/xetex.def
File: xetex.def 2016/07/11 v4.10 LaTeX color/graphics driver for XeTeX (L3/RRM/
JK)
))
\Gin@req@height=\dimen140
\Gin@req@width=\dimen141
)

Class scrreprt Warning: Usage of package `fancyhdr' together
(scrreprt)              with a KOMA-Script class is not recommended.
(scrreprt)              I'd suggest to use 
(scrreprt)              package `scrlayer-scrpage'.
(scrreprt)              Nevertheless, using requested
(scrreprt)              package `fancyhdr' on input line 16.

(/usr/local/texlive/2017/texmf-dist/tex/latex/fancyhdr/fancyhdr.sty
Package: fancyhdr 2016/09/06 3.8 Extensive control of page headers and footers
\fancy@headwidth=\skip67
\f@ncyO@elh=\skip68
\f@ncyO@erh=\skip69
\f@ncyO@olh=\skip70
\f@ncyO@orh=\skip71
\f@ncyO@elf=\skip72
\f@ncyO@erf=\skip73
\f@ncyO@olf=\skip74
\f@ncyO@orf=\skip75
)

Package typearea Warning: Bad type area settings!
(typearea)                The detected line width is about 20%
(typearea)                larger than the heuristically detected line width.
(typearea)                You should e.g. decrease DIV, increase fontsize
(typearea)                or change papersize.

Package typearea Info: These are the values describing the layout:
(typearea)             DIV  = 14
(typearea)             BCOR = 0.0pt
(typearea)             \paperwidth      = 597.50793pt
(typearea)              \textwidth      = 469.47052pt
(typearea)              DIV departure   = -20%
(typearea)              \evensidemargin = -8.25128pt
(typearea)              \oddsidemargin  = -8.25128pt
(typearea)             \paperheight     = 845.04694pt
(typearea)              \textheight     = 671.14236pt
(typearea)              \topmargin      = -72.42253pt
(typearea)              \headheight     = 27.50592pt
(typearea)              \headsep        = 33.00711pt
(typearea)              \topskip        = 11.0pt
(typearea)              \footskip       = 77.01659pt
(typearea)              \baselineskip   = 22.00475pt
(typearea)              on input line 25.
\g__fontspec_family_RobotoCondensed_int=\count161
.................................................
. fontspec info: "defining-font"
. 
. Font family 'RobotoCondensed(0)' created for font 'RobotoCondensed' with
. options
. [Ligatures=TeX,Extension=.ttf,UprightFont=*-Regular,BoldFont=*-Bold].
.  
.  This font family consists of the following NFSS series/shapes:
.  
. - 'normal' (m/n) with NFSS spec.:
. <->"[RobotoCondensed-Regular.ttf]/OT:script=latn;language=DFLT;mapping=tex-te
xt;"
. - 'small caps'  (m/sc) with NFSS spec.:
. <->"[RobotoCondensed-Regular.ttf]/OT:script=latn;language=DFLT;+smcp;mapping=
tex-text;"
. - 'bold' (bx/n) with NFSS spec.:
. <->"[RobotoCondensed-Bold.ttf]/OT:script=latn;language=DFLT;mapping=tex-text;
"
. - 'bold small caps'  (bx/sc) with NFSS spec.:
. <->"[RobotoCondensed-Bold.ttf]/OT:script=latn;language=DFLT;+smcp;mapping=tex
-text;"
.................................................
LaTeX Info: Redefining \sffamily on input line 31.
) (./title.tex) (./soutenance.aux (./dedicaces.aux) (./remerciement.aux)
(./abstract.aux) (./resume.aux) (./accueil.aux) (./cadre-contextuel.aux)
(./plate-forme.aux) (./conclusion.aux) (./bibliographie.aux))
\openout1 = `soutenance.aux'.

LaTeX Font Info:    Checking defaults for OML/cmm/m/it on input line 8.
LaTeX Font Info:    ... okay on input line 8.
LaTeX Font Info:    Checking defaults for T1/cmr/m/n on input line 8.
LaTeX Font Info:    ... okay on input line 8.
LaTeX Font Info:    Checking defaults for OT1/cmr/m/n on input line 8.
LaTeX Font Info:    ... okay on input line 8.
LaTeX Font Info:    Checking defaults for OMS/cmsy/m/n on input line 8.
LaTeX Font Info:    ... okay on input line 8.
LaTeX Font Info:    Checking defaults for TU/lmr/m/n on input line 8.
LaTeX Font Info:    ... okay on input line 8.
LaTeX Font Info:    Checking defaults for OMX/cmex/m/n on input line 8.
LaTeX Font Info:    ... okay on input line 8.
LaTeX Font Info:    Checking defaults for U/cmr/m/n on input line 8.
LaTeX Font Info:    ... okay on input line 8.
LaTeX Info: Redefining \dots on input line 8.
LaTeX Info: Redefining \up on input line 8.
.................................................
. fontspec info: "setup-math"
. 
. Adjusting the maths setup (use [no-math] to avoid this).
.................................................
\symlegacymaths=\mathgroup4
LaTeX Font Info:    Overwriting symbol font `legacymaths' in version `bold'
(Font)                  OT1/cmr/m/n --> OT1/cmr/bx/n on input line 8.
LaTeX Font Info:    Redeclaring math accent \acute on input line 8.
LaTeX Font Info:    Redeclaring math accent \grave on input line 8.
LaTeX Font Info:    Redeclaring math accent \ddot on input line 8.
LaTeX Font Info:    Redeclaring math accent \tilde on input line 8.
LaTeX Font Info:    Redeclaring math accent \bar on input line 8.
LaTeX Font Info:    Redeclaring math accent \breve on input line 8.
LaTeX Font Info:    Redeclaring math accent \check on input line 8.
LaTeX Font Info:    Redeclaring math accent \hat on input line 8.
LaTeX Font Info:    Redeclaring math accent \dot on input line 8.
LaTeX Font Info:    Redeclaring math accent \mathring on input line 8.
LaTeX Font Info:    Redeclaring math symbol \colon on input line 8.
LaTeX Font Info:    Redeclaring math symbol \Gamma on input line 8.
LaTeX Font Info:    Redeclaring math symbol \Delta on input line 8.
LaTeX Font Info:    Redeclaring math symbol \Theta on input line 8.
LaTeX Font Info:    Redeclaring math symbol \Lambda on input line 8.
LaTeX Font Info:    Redeclaring math symbol \Xi on input line 8.
LaTeX Font Info:    Redeclaring math symbol \Pi on input line 8.
LaTeX Font Info:    Redeclaring math symbol \Sigma on input line 8.
LaTeX Font Info:    Redeclaring math symbol \Upsilon on input line 8.
LaTeX Font Info:    Redeclaring math symbol \Phi on input line 8.
LaTeX Font Info:    Redeclaring math symbol \Psi on input line 8.
LaTeX Font Info:    Redeclaring math symbol \Omega on input line 8.
LaTeX Font Info:    Redeclaring math symbol \mathdollar on input line 8.
LaTeX Font Info:    Redeclaring symbol font `operators' on input line 8.
LaTeX Font Info:    Encoding `OT1' has changed to `TU' for symbol font
(Font)              `operators' in the math version `normal' on input line 8.
LaTeX Font Info:    Overwriting symbol font `operators' in version `normal'
(Font)                  OT1/cmr/m/n --> TU/lmr/m/n on input line 8.
LaTeX Font Info:    Encoding `OT1' has changed to `TU' for symbol font
(Font)              `operators' in the math version `bold' on input line 8.
LaTeX Font Info:    Overwriting symbol font `operators' in version `bold'
(Font)                  OT1/cmr/bx/n --> TU/lmr/m/n on input line 8.
LaTeX Font Info:    Overwriting symbol font `operators' in version `normal'
(Font)                  TU/lmr/m/n --> TU/lmr/m/n on input line 8.
LaTeX Font Info:    Overwriting math alphabet `\mathit' in version `normal'
(Font)                  OT1/cmr/m/it --> TU/lmr/m/it on input line 8.
LaTeX Font Info:    Overwriting math alphabet `\mathbf' in version `normal'
(Font)                  OT1/cmr/bx/n --> TU/lmr/bx/n on input line 8.
LaTeX Font Info:    Overwriting math alphabet `\mathsf' in version `normal'
(Font)                  OT1/cmss/m/n --> TU/RobotoCondensed(0)/m/n on input lin
e 8.
LaTeX Font Info:    Overwriting math alphabet `\mathtt' in version `normal'
(Font)                  OT1/cmtt/m/n --> TU/lmtt/m/n on input line 8.
LaTeX Font Info:    Overwriting symbol font `operators' in version `bold'
(Font)                  TU/lmr/m/n --> TU/lmr/bx/n on input line 8.
LaTeX Font Info:    Overwriting math alphabet `\mathit' in version `bold'
(Font)                  OT1/cmr/bx/it --> TU/lmr/bx/it on input line 8.
LaTeX Font Info:    Overwriting math alphabet `\mathsf' in version `bold'
(Font)                  OT1/cmss/bx/n --> TU/RobotoCondensed(0)/bx/n on input l
ine 8.
LaTeX Font Info:    Overwriting math alphabet `\mathtt' in version `bold'
(Font)                  OT1/cmtt/m/n --> TU/lmtt/bx/n on input line 8.
LaTeX Font Info:    Calculating math sizes for size <20.16003> on input line 10
.


LaTeX Font Warning: Font shape `OML/cmm/m/it' in size <20.16003> not available
(Font)              size <20.74> substituted on input line 10.


LaTeX Font Warning: Font shape `OMS/cmsy/m/n' in size <20.16003> not available
(Font)              size <20.74> substituted on input line 10.

LaTeX Font Info:    External font `cmex10' loaded for size
(Font)              <20.16003> on input line 10.
LaTeX Font Info:    External font `cmex10' loaded for size
(Font)              <14.11195> on input line 10.
LaTeX Font Info:    External font `cmex10' loaded for size
(Font)              <10.08002> on input line 10.

LaTeX Font Warning: Font shape `OT1/cmr/m/n' in size <20.16003> not available
(Font)              size <20.74> substituted on input line 10.

[1



] (./soutenance.toc
LaTeX Font Info:    Calculating math sizes for size <14> on input line 8.
LaTeX Font Info:    External font `cmex10' loaded for size
(Font)              <14> on input line 8.
LaTeX Font Info:    External font `cmex10' loaded for size
(Font)              <9.79996> on input line 8.
LaTeX Font Info:    External font `cmex10' loaded for size
(Font)              <7> on input line 8.
 [2

])
\tf@toc=\write3
\openout3 = `soutenance.toc'.

 [3]
\openout2 = `dedicaces.aux'.

 (./dedicaces.tex
chapter 1.
) [4


]
\openout2 = `remerciement.aux'.

 (./remerciement.tex
chapter 2.
) [5



]
\openout2 = `abstract.aux'.


No file abstract.tex.
\openout2 = `resume.aux'.

(./resume.tex
chapter 3.
) [6





] (./introduction.tex
chapter 4.
) [7


]
\openout2 = `accueil.aux'.

 (./accueil.tex
chapter 5.
(./presentation.tex) (./reference.tex [8


]) (./deroulement.tex
Missing character: There is no  in font [lmroman12-regular]:mapping=tex-text;!
 [9]
Missing character: There is no  in font [lmroman12-regular]:mapping=tex-text;!
)) [10]
\openout2 = `cadre-contextuel.aux'.


(./cadre-contextuel.tex
chapter 6.
(./problematique.tex) [11



] (./environnement.tex)) [12]
\openout2 = `plate-forme.aux'.

 (./plate-forme.tex
chapter 7.
(./concepte.tex (./commerce.tex)
Overfull \hbox (14.44882pt too wide) in paragraph at lines 6--5
\TU/lmr/m/n/14 des différents types de terminaux (Ordinateurs,tablettes,smartph
ones,consoles,TV
 []

(./marche.tex) (./vendeur.tex) [13



] (./acheteur.tex) (./boutique.tex))
(./approche.tex [14] (./methode.tex [15] (./backlog.tex) (./items.tex) [16]
(./sprint.tex) (./melee.tex [17]))) (./analyse.tex [18] (./etude.tex [19])
(./diagramme.tex [20]
File: mama/images/Effectuer.png Graphic file (type QTm)
 <use  "mama/images/Effectuer.png" > [21])
(./utilisation.tex
File: mama/images/utilisation.png Graphic file (type QTm)
 <use  "mama/images/utilisation.png" >
Overfull \hbox (46.9499pt too wide) in paragraph at lines 6--12
[]$[]$
 []

) (./diagramme1.tex [22]
File: mama/images/séquence.png Graphic file (type QTm)
 <use  "mama/images/séquence.png" > [23]
File: mama/images/classes.png Graphic file (type QTm)

<use  "mama/images/classes.png" >) [24] (./diagramme2.tex
File: mama/images/Deployment.png Graphic file (type QTm)

<use  "mama/images/Deployment.png" >
Overfull \hbox (93.89267pt too wide) in paragraph at lines 5--10
[]$[]$
 []

[25])) (./implementation.tex (./oqueyite.tex
Overfull \hbox (1.06949pt too wide) in paragraph at lines 3--5
[]\TU/lmr/m/n/14 Oqenyite est une plate forme d’e-commerce d’envergure Panafric
aine, bien conçu
 []


! LaTeX Error: File `../../Mama/mama/images/A' not found.

See the LaTeX manual or LaTeX Companion for explanation.
Type  H <return>  for immediate help.
 ...                                              
                                                  
l.18 ...h=0.5\linewidth]{../../Mama/mama/images/A}
                                                  
I could not locate the file with any of these extensions:
.pdf,.PDF,.eps,.EPS,.mps,.MPS,.ps,.PS,.png,.PNG,.jpg,.JPG,.jpeg,.JPEG,.jp2,.JP2
,.jpf,.JPF,.bmp,.BMP,.pict,.PICT,.psd,.PSD,.mac,.MAC,.TGA,.tga,.gif,.GIF,.tif,.
TIF,.tiff,.TIFF,
Try typing  <return>  to proceed.
If that doesn't work, type  X <return>  to quit.

[26]

! LaTeX Error: File `../../Mama/mama/images/C' not found.

See the LaTeX manual or LaTeX Companion for explanation.
Type  H <return>  for immediate help.
 ...                                              
                                                  
l.30 ...h=0.5\linewidth]{../../Mama/mama/images/C}
                                                  
I could not locate the file with any of these extensions:
.pdf,.PDF,.eps,.EPS,.mps,.MPS,.ps,.PS,.png,.PNG,.jpg,.JPG,.jpeg,.JPEG,.jp2,.JP2
,.jpf,.JPF,.bmp,.BMP,.pict,.PICT,.psd,.PSD,.mac,.MAC,.TGA,.tga,.gif,.GIF,.tif,.
TIF,.tiff,.TIFF,
Try typing  <return>  to proceed.
If that doesn't work, type  X <return>  to quit.


Underfull \hbox (badness 10000) in paragraph at lines 31--31
[]\TU/lmr/m/n/14 Page d’accueil-
 []


! LaTeX Error: File `../../Mama/mama/images/D' not found.

See the LaTeX manual or LaTeX Companion for explanation.
Type  H <return>  for immediate help.
 ...                                              
                                                  
l.38 ...h=0.5\linewidth]{../../Mama/mama/images/D}
                                                  
I could not locate the file with any of these extensions:
.pdf,.PDF,.eps,.EPS,.mps,.MPS,.ps,.PS,.png,.PNG,.jpg,.JPG,.jpeg,.JPEG,.jp2,.JP2
,.jpf,.JPF,.bmp,.BMP,.pict,.PICT,.psd,.PSD,.mac,.MAC,.TGA,.tga,.gif,.GIF,.tif,.
TIF,.tiff,.TIFF,
Try typing  <return>  to proceed.
If that doesn't work, type  X <return>  to quit.


! LaTeX Error: File `../../Mama/mama/images/E' not found.

See the LaTeX manual or LaTeX Companion for explanation.
Type  H <return>  for immediate help.
 ...                                              
                                                  
l.46 ...h=0.5\linewidth]{../../Mama/mama/images/E}
                                                  
I could not locate the file with any of these extensions:
.pdf,.PDF,.eps,.EPS,.mps,.MPS,.ps,.PS,.png,.PNG,.jpg,.JPG,.jpeg,.JPEG,.jp2,.JP2
,.jpf,.JPF,.bmp,.BMP,.pict,.PICT,.psd,.PSD,.mac,.MAC,.TGA,.tga,.gif,.GIF,.tif,.
TIF,.tiff,.TIFF,
Try typing  <return>  to proceed.
If that doesn't work, type  X <return>  to quit.


! LaTeX Error: File `../../Mama/mama/images/F' not found.

See the LaTeX manual or LaTeX Companion for explanation.
Type  H <return>  for immediate help.
 ...                                              
                                                  
l.56 ...h=0.5\linewidth]{../../Mama/mama/images/F}
                                                  
I could not locate the file with any of these extensions:
.pdf,.PDF,.eps,.EPS,.mps,.MPS,.ps,.PS,.png,.PNG,.jpg,.JPG,.jpeg,.JPEG,.jp2,.JP2
,.jpf,.JPF,.bmp,.BMP,.pict,.PICT,.psd,.PSD,.mac,.MAC,.TGA,.tga,.gif,.GIF,.tif,.
TIF,.tiff,.TIFF,
Try typing  <return>  to proceed.
If that doesn't work, type  X <return>  to quit.


Underfull \hbox (badness 10000) in paragraph at lines 57--57
[]\TU/lmr/m/n/14 Ajouter produit-
 []

[27]

! LaTeX Error: File `../../Mama/mama/images/H' not found.

See the LaTeX manual or LaTeX Companion for explanation.
Type  H <return>  for immediate help.
 ...                                              
                                                  
l.67 ...h=0.5\linewidth]{../../Mama/mama/images/H}
                                                  
I could not locate the file with any of these extensions:
.pdf,.PDF,.eps,.EPS,.mps,.MPS,.ps,.PS,.png,.PNG,.jpg,.JPG,.jpeg,.JPEG,.jp2,.JP2
,.jpf,.JPF,.bmp,.BMP,.pict,.PICT,.psd,.PSD,.mac,.MAC,.TGA,.tga,.gif,.GIF,.tif,.
TIF,.tiff,.TIFF,
Try typing  <return>  to proceed.
If that doesn't work, type  X <return>  to quit.


Underfull \hbox (badness 4303) in paragraph at lines 68--68
[]\TU/lmr/m/n/14 Le panier– source
 []


! LaTeX Error: File `../../Mama/mama/images/I' not found.

See the LaTeX manual or LaTeX Companion for explanation.
Type  H <return>  for immediate help.
 ...                                              
                                                  
l.78 ...h=0.5\linewidth]{../../Mama/mama/images/I}
                                                  
I could not locate the file with any of these extensions:
.pdf,.PDF,.eps,.EPS,.mps,.MPS,.ps,.PS,.png,.PNG,.jpg,.JPG,.jpeg,.JPEG,.jp2,.JP2
,.jpf,.JPF,.bmp,.BMP,.pict,.PICT,.psd,.PSD,.mac,.MAC,.TGA,.tga,.gif,.GIF,.tif,.
TIF,.tiff,.TIFF,
Try typing  <return>  to proceed.
If that doesn't work, type  X <return>  to quit.


! LaTeX Error: File `../../Mama/mama/images/J' not found.

See the LaTeX manual or LaTeX Companion for explanation.
Type  H <return>  for immediate help.
 ...                                              
                                                  
l.88 ...h=0.5\linewidth]{../../Mama/mama/images/J}
                                                  
I could not locate the file with any of these extensions:
.pdf,.PDF,.eps,.EPS,.mps,.MPS,.ps,.PS,.png,.PNG,.jpg,.JPG,.jpeg,.JPEG,.jp2,.JP2
,.jpf,.JPF,.bmp,.BMP,.pict,.PICT,.psd,.PSD,.mac,.MAC,.TGA,.tga,.gif,.GIF,.tif,.
TIF,.tiff,.TIFF,
Try typing  <return>  to proceed.
If that doesn't work, type  X <return>  to quit.


! LaTeX Error: File `../../Mama/mama/images/K' not found.

See the LaTeX manual or LaTeX Companion for explanation.
Type  H <return>  for immediate help.
 ...                                              
                                                  
l.96 ...h=0.5\linewidth]{../../Mama/mama/images/K}
                                                  
I could not locate the file with any of these extensions:
.pdf,.PDF,.eps,.EPS,.mps,.MPS,.ps,.PS,.png,.PNG,.jpg,.JPG,.jpeg,.JPEG,.jp2,.JP2
,.jpf,.JPF,.bmp,.BMP,.pict,.PICT,.psd,.PSD,.mac,.MAC,.TGA,.tga,.gif,.GIF,.tif,.
TIF,.tiff,.TIFF,
Try typing  <return>  to proceed.
If that doesn't work, type  X <return>  to quit.


Underfull \hbox (badness 2495) in paragraph at lines 97--97
[]\TU/lmr/m/n/14 La facture- source
 []

[28]

! LaTeX Error: File `../../Mama/mama/images/M' not found.

See the LaTeX manual or LaTeX Companion for explanation.
Type  H <return>  for immediate help.
 ...                                              
                                                  
l.105 ...=0.5\linewidth]{../../Mama/mama/images/M}
                                                  
I could not locate the file with any of these extensions:
.pdf,.PDF,.eps,.EPS,.mps,.MPS,.ps,.PS,.png,.PNG,.jpg,.JPG,.jpeg,.JPEG,.jp2,.JP2
,.jpf,.JPF,.bmp,.BMP,.pict,.PICT,.psd,.PSD,.mac,.MAC,.TGA,.tga,.gif,.GIF,.tif,.
TIF,.tiff,.TIFF,
Try typing  <return>  to proceed.
If that doesn't work, type  X <return>  to quit.


Underfull \hbox (badness 10000) in paragraph at lines 106--106
[]\TU/lmr/m/n/14 Mode de
 []


Underfull \hbox (badness 10000) in paragraph at lines 106--106
\TU/lmr/m/n/14 paiement– source
 []


! LaTeX Error: File `../../Mama/mama/images/N' not found.

See the LaTeX manual or LaTeX Companion for explanation.
Type  H <return>  for immediate help.
 ...                                              
                                                  
l.113 ...=0.5\linewidth]{../../Mama/mama/images/N}
                                                  
I could not locate the file with any of these extensions:
.pdf,.PDF,.eps,.EPS,.mps,.MPS,.ps,.PS,.png,.PNG,.jpg,.JPG,.jpeg,.JPEG,.jp2,.JP2
,.jpf,.JPF,.bmp,.BMP,.pict,.PICT,.psd,.PSD,.mac,.MAC,.TGA,.tga,.gif,.GIF,.tif,.
TIF,.tiff,.TIFF,
Try typing  <return>  to proceed.
If that doesn't work, type  X <return>  to quit.


Underfull \hbox (badness 10000) in paragraph at lines 114--114
[]\TU/lmr/m/n/14 Effectuer
 []


Underfull \hbox (badness 10000) in paragraph at lines 114--114
\TU/lmr/m/n/14 paiement– source
 []


! LaTeX Error: File `../../Mama/mama/images/O' not found.

See the LaTeX manual or LaTeX Companion for explanation.
Type  H <return>  for immediate help.
 ...                                              
                                                  
l.121 ...=0.5\linewidth]{../../Mama/mama/images/O}
                                                  
I could not locate the file with any of these extensions:
.pdf,.PDF,.eps,.EPS,.mps,.MPS,.ps,.PS,.png,.PNG,.jpg,.JPG,.jpeg,.JPEG,.jp2,.JP2
,.jpf,.JPF,.bmp,.BMP,.pict,.PICT,.psd,.PSD,.mac,.MAC,.TGA,.tga,.gif,.GIF,.tif,.
TIF,.tiff,.TIFF,
Try typing  <return>  to proceed.
If that doesn't work, type  X <return>  to quit.


Underfull \hbox (badness 10000) in paragraph at lines 122--122
[]\TU/lmr/m/n/14 Confirmer paiement–
 []

) (./suggestion.tex))) [29]
\openout2 = `conclusion.aux'.

 (./conclusion.tex
chapter 8.
) [30



]
\openout2 = `bibliographie.aux'.

 (./bibliographie.tex
chapter 9.

Overfull \hbox (26.15598pt too wide) in paragraph at lines 16--17
[]\TU/lmr/m/n/14 -Jean-Robert KALAKAMDJOUG «Conception d’une plateforme web d’e
-commerce
 []

) [31



] [32] (./soutenance.aux (./dedicaces.aux) (./remerciement.aux)
(./abstract.aux) (./resume.aux) (./accueil.aux) (./cadre-contextuel.aux)
(./plate-forme.aux) (./conclusion.aux) (./bibliographie.aux))

LaTeX Font Warning: Size substitutions with differences
(Font)              up to 0.57997pt have occurred.


LaTeX Warning: Label(s) may have changed. Rerun to get cross-references right.

 ) 
Here is how much of TeX's memory you used:
 13694 strings out of 493005
 289168 string characters out of 6134596
 559305 words of memory out of 5000000
 17400 multiletter control sequences out of 15000+600000
 8593 words of font info for 38 fonts, out of 8000000 for 9000
 1348 hyphenation exceptions out of 8191
 45i,11n,66p,10372b,428s stack positions out of 5000i,500n,10000p,200000b,80000s

Output written on soutenance.pdf (32 pages).
